# JRE version: Java(TM) SE Runtime Environment 18.9 (11.0.19+9) (build 11.0.19+9-LTS-224)
# Java VM: Java HotSpot(TM) 64-Bit Server VM 18.9 (11.0.19+9-LTS-224, mixed mode, tiered, compressed oops, g1 gc, windows-amd64)
Heap:
 garbage-first heap   total 404480K, used 237625K [0x0000000080000000, 0x0000000100000000)
  region size 1024K, 1 young (1024K), 1 survivors (1024K)
 Metaspace       used 149668K, capacity 155220K, committed 155484K, reserved 651264K
  class space    used 19489K, capacity 21635K, committed 21784K, reserved 516096K
GC Heap History (10 events):
Event: 128.147 GC heap after
{Heap after GC invocations=194 (full 0):
 garbage-first heap   total 336896K, used 306179K [0x0000000080000000, 0x0000000100000000)
  region size 1024K, 2 young (2048K), 2 survivors (2048K)
 Metaspace       used 149200K, capacity 154750K, committed 154972K, reserved 651264K
  class space    used 19416K, capacity 21524K, committed 21528K, reserved 516096K
}
Event: 128.256 GC heap before
{Heap before GC invocations=194 (full 0):
 garbage-first heap   total 336896K, used 320515K [0x0000000080000000, 0x0000000100000000)
  region size 1024K, 16 young (16384K), 2 survivors (2048K)
 Metaspace       used 149242K, capacity 154810K, committed 155100K, reserved 651264K
  class space    used 19428K, capacity 21544K, committed 21656K, reserved 516096K
}
Event: 128.262 GC heap after
{Heap after GC invocations=195 (full 0):
 garbage-first heap   total 336896K, used 307978K [0x0000000080000000, 0x0000000100000000)
  region size 1024K, 2 young (2048K), 2 survivors (2048K)
 Metaspace       used 149242K, capacity 154810K, committed 155100K, reserved 651264K
  class space    used 19428K, capacity 21544K, committed 21656K, reserved 516096K
}
Event: 128.421 GC heap before
{Heap before GC invocations=195 (full 0):
 garbage-first heap   total 336896K, used 312074K [0x0000000080000000, 0x0000000100000000)
  region size 1024K, 16 young (16384K), 2 survivors (2048K)
 Metaspace       used 149278K, capacity 154841K, committed 155100K, reserved 651264K
  class space    used 19433K, capacity 21554K, committed 21656K, reserved 516096K
}
Event: 128.428 GC heap after
{Heap after GC invocations=196 (full 0):
 garbage-first heap   total 336896K, used 300805K [0x0000000080000000, 0x0000000100000000)
  region size 1024K, 2 young (2048K), 2 survivors (2048K)
 Metaspace       used 149278K, capacity 154841K, committed 155100K, reserved 651264K
  class space    used 19433K, capacity 21554K, committed 21656K, reserved 516096K
}
Event: 128.852 GC heap before
{Heap before GC invocations=197 (full 0):
 garbage-first heap   total 336896K, used 315141K [0x0000000080000000, 0x0000000100000000)
  region size 1024K, 16 young (16384K), 2 survivors (2048K)
 Metaspace       used 149401K, capacity 154937K, committed 155100K, reserved 651264K
  class space    used 19452K, capacity 21586K, committed 21656K, reserved 516096K
}
Event: 128.859 GC heap after
{Heap after GC invocations=198 (full 0):
 garbage-first heap   total 336896K, used 302823K [0x0000000080000000, 0x0000000100000000)
  region size 1024K, 2 young (2048K), 2 survivors (2048K)
 Metaspace       used 149401K, capacity 154937K, committed 155100K, reserved 651264K
  class space    used 19452K, capacity 21586K, committed 21656K, reserved 516096K
}
Event: 129.107 GC heap before
{Heap before GC invocations=198 (full 0):
 garbage-first heap   total 336896K, used 317159K [0x0000000080000000, 0x0000000100000000)
  region size 1024K, 16 young (16384K), 2 survivors (2048K)
 Metaspace       used 149434K, capacity 155002K, committed 155100K, reserved 651264K
  class space    used 19458K, capacity 21586K, committed 21656K, reserved 516096K
}
Event: 129.115 GC heap after
{Heap after GC invocations=199 (full 0):
 garbage-first heap   total 336896K, used 269181K [0x0000000080000000, 0x0000000100000000)
  region size 1024K, 1 young (1024K), 1 survivors (1024K)
 Metaspace       used 149434K, capacity 155002K, committed 155100K, reserved 651264K
  class space    used 19458K, capacity 21586K, committed 21656K, reserved 516096K
}
Event: 129.221 GC heap before
{Heap before GC invocations=199 (full 0):
 garbage-first heap   total 336896K, used 284541K [0x0000000080000000, 0x0000000100000000)
  region size 1024K, 16 young (16384K), 1 survivors (1024K)
 Metaspace       used 149668K, capacity 155220K, committed 155484K, reserved 651264K
  class space    used 19489K, capacity 21635K, committed 21784K, reserved 516096K
}

