# JRE version: Java(TM) SE Runtime Environment 18.9 (11.0.19+9) (build 11.0.19+9-LTS-224)
# Java VM: Java HotSpot(TM) 64-Bit Server VM 18.9 (11.0.19+9-LTS-224, mixed mode, tiered, compressed oops, g1 gc, windows-amd64)
Heap:
 garbage-first heap   total 473088K, used 331058K [0x0000000080000000, 0x0000000100000000)
  region size 1024K, 14 young (14336K), 3 survivors (3072K)
 Metaspace       used 208908K, capacity 215891K, committed 216004K, reserved 704512K
  class space    used 26908K, capacity 29557K, committed 29668K, reserved 516096K
GC Heap History (10 events):
Event: 3939.423 GC heap before
{Heap before GC invocations=216 (full 0):
 garbage-first heap   total 404480K, used 365803K [0x0000000080000000, 0x0000000100000000)
  region size 1024K, 19 young (19456K), 2 survivors (2048K)
 Metaspace       used 208865K, capacity 215862K, committed 216004K, reserved 704512K
  class space    used 26907K, capacity 29555K, committed 29668K, reserved 516096K
}
Event: 3939.432 GC heap after
{Heap after GC invocations=217 (full 0):
 garbage-first heap   total 404480K, used 351670K [0x0000000080000000, 0x0000000100000000)
  region size 1024K, 3 young (3072K), 3 survivors (3072K)
 Metaspace       used 208865K, capacity 215862K, committed 216004K, reserved 704512K
  class space    used 26907K, capacity 29555K, committed 29668K, reserved 516096K
}
Event: 3939.570 GC heap before
{Heap before GC invocations=217 (full 0):
 garbage-first heap   total 404480K, used 367030K [0x0000000080000000, 0x0000000100000000)
  region size 1024K, 19 young (19456K), 3 survivors (3072K)
 Metaspace       used 208891K, capacity 215876K, committed 216004K, reserved 704512K
  class space    used 26908K, capacity 29557K, committed 29668K, reserved 516096K
}
Event: 3939.578 GC heap after
{Heap after GC invocations=218 (full 0):
 garbage-first heap   total 404480K, used 354676K [0x0000000080000000, 0x0000000100000000)
  region size 1024K, 3 young (3072K), 3 survivors (3072K)
 Metaspace       used 208891K, capacity 215876K, committed 216004K, reserved 704512K
  class space    used 26908K, capacity 29557K, committed 29668K, reserved 516096K
}
Event: 3940.048 GC heap before
{Heap before GC invocations=218 (full 0):
 garbage-first heap   total 404480K, used 373108K [0x0000000080000000, 0x0000000100000000)
  region size 1024K, 19 young (19456K), 3 survivors (3072K)
 Metaspace       used 208907K, capacity 215891K, committed 216004K, reserved 704512K
  class space    used 26908K, capacity 29557K, committed 29668K, reserved 516096K
}
Event: 3940.054 GC heap after
{Heap after GC invocations=219 (full 0):
 garbage-first heap   total 404480K, used 354295K [0x0000000080000000, 0x0000000100000000)
  region size 1024K, 2 young (2048K), 2 survivors (2048K)
 Metaspace       used 208907K, capacity 215891K, committed 216004K, reserved 704512K
  class space    used 26908K, capacity 29557K, committed 29668K, reserved 516096K
}
Event: 3940.273 GC heap before
{Heap before GC invocations=219 (full 0):
 garbage-first heap   total 404480K, used 371703K [0x0000000080000000, 0x0000000100000000)
  region size 1024K, 19 young (19456K), 2 survivors (2048K)
 Metaspace       used 208907K, capacity 215891K, committed 216004K, reserved 704512K
  class space    used 26908K, capacity 29557K, committed 29668K, reserved 516096K
}
Event: 3940.281 GC heap after
{Heap after GC invocations=220 (full 0):
 garbage-first heap   total 404480K, used 355888K [0x0000000080000000, 0x0000000100000000)
  region size 1024K, 3 young (3072K), 3 survivors (3072K)
 Metaspace       used 208907K, capacity 215891K, committed 216004K, reserved 704512K
  class space    used 26908K, capacity 29557K, committed 29668K, reserved 516096K
}
Event: 3940.398 GC heap before
{Heap before GC invocations=221 (full 0):
 garbage-first heap   total 404480K, used 371248K [0x0000000080000000, 0x0000000100000000)
  region size 1024K, 19 young (19456K), 3 survivors (3072K)
 Metaspace       used 208908K, capacity 215891K, committed 216004K, reserved 704512K
  class space    used 26908K, capacity 29557K, committed 29668K, reserved 516096K
}
Event: 3940.408 GC heap after
{Heap after GC invocations=222 (full 0):
 garbage-first heap   total 473088K, used 357690K [0x0000000080000000, 0x0000000100000000)
  region size 1024K, 2 young (2048K), 2 survivors (2048K)
 Metaspace       used 208908K, capacity 215891K, committed 216004K, reserved 704512K
  class space    used 26908K, capacity 29557K, committed 29668K, reserved 516096K
}

